<?xml version="1.0" encoding="UTF-8"?>
<!-- Generated by org.testng.reporters.JUnitReportReporter -->
<testsuite hostname="LAPTOP-3L5DI794" name="TestScripts.CoursesFilter" tests="1" failures="0" timestamp="17 Dec 2020 08:47:35 GMT" time="6.446" errors="0">
  <testcase name="courseTypeFilter" time="6.446" classname="TestScripts.CoursesFilter"/>
</testsuite> <!-- TestScripts.CoursesFilter -->
