<?xml version="1.0" encoding="UTF-8"?>
<!-- Generated by org.testng.reporters.JUnitReportReporter -->
<testsuite hostname="LAPTOP-3L5DI794" name="TestScripts.MainTestClass" tests="1" failures="0" timestamp="21 Dec 2020 05:30:13 GMT" time="8.688" errors="0">
  <testcase name="TestLogin" time="8.688" classname="TestScripts.MainTestClass"/>
</testsuite> <!-- TestScripts.MainTestClass -->
