<?xml version="1.0" encoding="UTF-8"?>
<!-- Generated by org.testng.reporters.JUnitReportReporter -->
<testsuite hostname="LAPTOP-3L5DI794" name="TestScripts.FAQTest" tests="2" failures="0" timestamp="8 Feb 2021 05:36:40 GMT" time="18.037" errors="0">
  <testcase name="FAQDeleteTest" time="5.191" classname="TestScripts.FAQTest"/>
  <testcase name="FAQUpdateTest" time="12.846" classname="TestScripts.FAQTest"/>
</testsuite> <!-- TestScripts.FAQTest -->
