<?xml version="1.0" encoding="UTF-8"?>
<!-- Generated by org.testng.reporters.JUnitReportReporter -->
<testsuite hostname="LAPTOP-3L5DI794" name="TestScripts.AddCourseTest" tests="2" failures="0" timestamp="18 Jan 2021 10:21:30 GMT" time="29.363" errors="0">
  <testcase name="addCourseTest" time="28.303" classname="TestScripts.AddCourseTest"/>
  <testcase name="addCourseTestIncompleteDetails" time="1.060" classname="TestScripts.AddCourseTest"/>
</testsuite> <!-- TestScripts.AddCourseTest -->
