<?xml version="1.0" encoding="UTF-8"?>
<!-- Generated by org.testng.reporters.JUnitReportReporter -->
<testsuite hostname="LAPTOP-3L5DI794" name="TestScripts.FAQTest" tests="2" failures="0" timestamp="20 Jan 2021 09:28:07 GMT" time="18.322" errors="0">
  <testcase name="FAQDeleteTest" time="5.133" classname="TestScripts.FAQTest"/>
  <testcase name="FAQUpdateTest" time="13.189" classname="TestScripts.FAQTest"/>
</testsuite> <!-- TestScripts.FAQTest -->
