<?xml version="1.0" encoding="UTF-8"?>
<!-- Generated by org.testng.reporters.JUnitReportReporter -->
<testsuite hostname="LAPTOP-3L5DI794" name="TestScripts.LoginTest" tests="1" failures="0" timestamp="18 Jan 2021 09:47:02 GMT" time="2.842" errors="0">
  <testcase name="loginTest" time="2.842" classname="TestScripts.LoginTest"/>
</testsuite> <!-- TestScripts.LoginTest -->
