<?xml version="1.0" encoding="UTF-8"?>
<!-- Generated by org.testng.reporters.JUnitReportReporter -->
<testsuite hostname="LAPTOP-3L5DI794" name="TestScripts.ATATest" tests="2" failures="0" timestamp="20 Jan 2021 10:34:23 GMT" time="24.414" errors="0">
  <testcase name="addATADataTest" time="14.535" classname="TestScripts.ATATest"/>
  <testcase name="addSnippetPageTest" time="9.879" classname="TestScripts.ATATest"/>
</testsuite> <!-- TestScripts.ATATest -->
