<?xml version="1.0" encoding="UTF-8"?>
<!-- Generated by org.testng.reporters.JUnitReportReporter -->
<testsuite hostname="LAPTOP-3L5DI794" name="TestScripts.AddLATTest" tests="3" failures="0" timestamp="18 Jan 2021 10:21:30 GMT" time="41.360" errors="0">
  <testcase name="addLATTest" time="30.246" classname="TestScripts.AddLATTest"/>
  <testcase name="addLATIncorrectDetails" time="4.880" classname="TestScripts.AddLATTest"/>
  <testcase name="deleteLAT" time="6.234" classname="TestScripts.AddLATTest"/>
</testsuite> <!-- TestScripts.AddLATTest -->
